2024-11-20 23:03:07,585 - Lib.Log - INFO - Створення об'єкта DataLoader для файлу: C:/VOVA/5 semester/SMP/calculator/Source/CarsCSV.csv
2024-11-20 23:03:07,607 - Lib.Log - ERROR - Файл не знайдено: C:/VOVA/5 semester/SMP/calculator/Source/CarsCSV.csv
2024-11-20 23:07:18,029 - Lib.Log - INFO - Створення об'єкта DataLoader для файлу: C:/Users/Користувач/Desktop/5 семестр/1/SMP/Source/CarsCSV.csv
2024-11-20 23:07:18,096 - Lib.Log - INFO - Дані успішно завантажені з файлу: C:/Users/Користувач/Desktop/5 семестр/1/SMP/Source/CarsCSV.csv
2024-11-20 23:07:18,096 - Lib.Log - INFO - Отримання даних з DataLoader
2024-11-20 23:07:18,097 - Lib.Log - INFO - DataAnalyzer створено з даними розміром (30, 17)
2024-11-20 23:07:18,097 - Lib.Log - INFO - Викликається функція get_extreme_values
2024-11-20 23:07:18,144 - Lib.Log - INFO - Успішно отримано екстремальні значення
2024-11-20 23:07:18,181 - Lib.Log - INFO - Створення об'єкта DataPreparer
2024-11-20 23:07:18,182 - Lib.Log - INFO - Підготовка даних для візуалізації. Початковий розмір: 30 рядків, 17 стовпців
2024-11-20 23:07:18,184 - Lib.Log - INFO - Рядки з пропущеними даними видалені. Новий розмір: 30 рядків, 17 стовпців
2024-11-21 00:19:39,874 - Lib.Log - INFO - Створення об'єкта DataLoader для файлу: C:/Users/Користувач/Desktop/5 семестр/1/SMP/Source/CarsCSV.csv
2024-11-21 00:19:39,877 - Lib.Log - ERROR - Файл не знайдено: C:/Users/Користувач/Desktop/5 семестр/1/SMP/Source/CarsCSV.csv
2024-11-21 00:22:36,478 - Lib.Log - INFO - Створення об'єкта DataLoader для файлу: C:/Users/Користувач/Desktop/5 семестр/1/SMP/Source/CarsCSV.csv
2024-11-21 00:22:36,503 - Lib.Log - INFO - Дані успішно завантажені з файлу: C:/Users/Користувач/Desktop/5 семестр/1/SMP/Source/CarsCSV.csv
2024-11-21 00:22:36,503 - Lib.Log - INFO - Отримання даних з DataLoader
2024-11-21 00:22:36,506 - Lib.Log - INFO - DataAnalyzer створено з даними розміром (30, 17)
2024-11-21 00:22:36,508 - Lib.Log - INFO - Викликається функція get_extreme_values
2024-11-21 00:22:36,539 - Lib.Log - INFO - Успішно отримано екстремальні значення
2024-11-21 00:22:36,574 - Lib.Log - INFO - Створення об'єкта DataPreparer
2024-11-21 00:22:36,574 - Lib.Log - INFO - Підготовка даних для візуалізації. Початковий розмір: 30 рядків, 17 стовпців
2024-11-21 00:22:36,575 - Lib.Log - INFO - Рядки з пропущеними даними видалені. Новий розмір: 30 рядків, 17 стовпців
2024-11-21 00:23:45,268 - Lib.Log - INFO - Створення об'єкта DataLoader для файлу: C:/Users/Користувач/Desktop/5 семестр/1/SMP/Source/CarsCSV.csv
2024-11-21 00:23:45,274 - Lib.Log - INFO - Дані успішно завантажені з файлу: C:/Users/Користувач/Desktop/5 семестр/1/SMP/Source/CarsCSV.csv
2024-11-21 00:23:45,274 - Lib.Log - INFO - Отримання даних з DataLoader
2024-11-21 00:23:45,275 - Lib.Log - INFO - DataAnalyzer створено з даними розміром (30, 17)
2024-11-21 00:23:45,275 - Lib.Log - INFO - Викликається функція get_extreme_values
2024-11-21 00:23:45,305 - Lib.Log - INFO - Успішно отримано екстремальні значення
2024-11-21 00:23:45,330 - Lib.Log - INFO - Створення об'єкта DataPreparer
2024-11-21 00:23:45,330 - Lib.Log - INFO - Підготовка даних для візуалізації. Початковий розмір: 30 рядків, 17 стовпців
2024-11-21 00:23:45,331 - Lib.Log - INFO - Рядки з пропущеними даними видалені. Новий розмір: 30 рядків, 17 стовпців
2024-11-23 13:18:59,529 - Lib.Log - INFO - Створення об'єкта DataLoader для файлу: C:/Users/Користувач/Desktop/5 семестр/1/SMP/Source/CarsCSV.csv
2024-11-23 13:18:59,587 - Lib.Log - INFO - Дані успішно завантажені з файлу: C:/Users/Користувач/Desktop/5 семестр/1/SMP/Source/CarsCSV.csv
2024-11-23 13:18:59,587 - Lib.Log - INFO - Отримання даних з DataLoader
2024-11-23 13:18:59,587 - Lib.Log - INFO - DataAnalyzer створено з даними розміром (30, 17)
2024-11-23 13:18:59,589 - Lib.Log - INFO - Викликається функція get_extreme_values
2024-11-23 13:18:59,615 - Lib.Log - INFO - Успішно отримано екстремальні значення
2024-11-23 13:18:59,645 - Lib.Log - INFO - Створення об'єкта DataPreparer
2024-11-23 13:18:59,645 - Lib.Log - INFO - Підготовка даних для візуалізації. Початковий розмір: 30 рядків, 17 стовпців
2024-11-23 13:18:59,645 - Lib.Log - INFO - Рядки з пропущеними даними видалені. Новий розмір: 30 рядків, 17 стовпців
2024-11-23 13:20:06,419 - Lib.Log - INFO - Створення об'єкта DataLoader для файлу: C:/Users/Користувач/Desktop/5 семестр/1/SMP/Source/CarsCSV.csv
2024-11-23 13:20:06,428 - Lib.Log - INFO - Дані успішно завантажені з файлу: C:/Users/Користувач/Desktop/5 семестр/1/SMP/Source/CarsCSV.csv
2024-11-23 13:20:06,428 - Lib.Log - INFO - Отримання даних з DataLoader
2024-11-23 13:20:06,429 - Lib.Log - INFO - DataAnalyzer створено з даними розміром (30, 17)
2024-11-23 13:20:06,430 - Lib.Log - INFO - Викликається функція get_extreme_values
2024-11-23 13:20:06,467 - Lib.Log - INFO - Успішно отримано екстремальні значення
2024-11-23 13:20:06,489 - Lib.Log - INFO - Створення об'єкта DataPreparer
2024-11-23 13:20:06,489 - Lib.Log - INFO - Підготовка даних для візуалізації. Початковий розмір: 30 рядків, 17 стовпців
2024-11-23 13:20:06,490 - Lib.Log - INFO - Рядки з пропущеними даними видалені. Новий розмір: 30 рядків, 17 стовпців
2024-11-26 23:16:34,277 - Lib.Log - INFO - Створення об'єкта DataLoader для файлу: C:/Users/Користувач/Desktop/5 семестр/1/SMP/Source/CarsCSV.csv
2024-11-26 23:16:34,280 - Lib.Log - ERROR - Файл не знайдено: C:/Users/Користувач/Desktop/5 семестр/1/SMP/Source/CarsCSV.csv
2024-11-26 23:17:13,011 - Lib.Log - INFO - Дані успішно збережені у форматі TXT: tatras.txt
2024-11-26 23:31:29,064 - Lib.Log - INFO - Створення об'єкта DataLoader для файлу: C:/Users/Користувач/Desktop/5 семестр/1/SMP/Source/CarsCSV.csv
2024-11-26 23:31:29,066 - Lib.Log - ERROR - Файл не знайдено: C:/Users/Користувач/Desktop/5 семестр/1/SMP/Source/CarsCSV.csv
2024-11-26 23:32:31,432 - Lib.Log - INFO - Створення об'єкта DataLoader для файлу: C:\Users\taras\PycharmProjects\SMP\Source\CarsCSV.csv
2024-11-26 23:32:31,466 - Lib.Log - INFO - Дані успішно завантажені з файлу: C:\Users\taras\PycharmProjects\SMP\Source\CarsCSV.csv
2024-11-26 23:32:31,466 - Lib.Log - INFO - Отримання даних з DataLoader
2024-11-26 23:32:31,466 - Lib.Log - INFO - DataAnalyzer створено з даними розміром (30, 17)
2024-11-26 23:32:31,466 - Lib.Log - INFO - Викликається функція get_extreme_values
2024-11-26 23:32:31,490 - Lib.Log - INFO - Успішно отримано екстремальні значення
2024-11-26 23:32:31,514 - Lib.Log - INFO - Створення об'єкта DataPreparer
2024-11-26 23:32:31,514 - Lib.Log - INFO - Підготовка даних для візуалізації. Початковий розмір: 30 рядків, 17 стовпців
2024-11-26 23:32:31,515 - Lib.Log - INFO - Рядки з пропущеними даними видалені. Новий розмір: 30 рядків, 17 стовпців
